lib/services/firebase_corridas_service.dart:530:23: Error: 'aceitarCorrida' is already declared in this scope.
  static Future<bool> aceitarCorrida({
                      ^^^^^^^^^^^^^^
lib/services/firebase_corridas_service.dart:166:23: Context: Previous declaration of 'aceitarCorrida'.
  static Future<bool> aceitarCorrida({                                                                                                                                              
                      ^^^^^^^^^^^^^^
lib/services/metas_inteligentes_service.dart:30:9: Error: No named parameter with the name 'ativa'.
        ativa: true,
        ^^^^^
lib/models/meta_inteligente.dart:46:3: Context: Found this candidate, but the arguments don't match.
  MetaInteligente({
  ^^^^^^^^^^^^^^^
lib/services/metas_inteligentes_service.dart:44:9: Error: No named parameter with the name 'ativa'.
        ativa: true,
        ^^^^^
lib/models/meta_inteligente.dart:46:3: Context: Found this candidate, but the arguments don't match.
  MetaInteligente({                                                                                                                                                                 
  ^^^^^^^^^^^^^^^
lib/screens/home/home_screen.dart:263:13: Error: No named parameter with the name 'color'.
            color: _isOnline ? VelloTokens.colorGreen : VelloTokens.colorOrange,
            ^^^^^
lib/widgets/common/status_chip.dart:30:9: Context: Found this candidate, but the arguments don't match.
  const StatusChip({
        ^^^^^^^^^^
lib/screens/home/home_screen.dart:359:17: Error: No named parameter with the name 'borderRadius'.
                borderRadius: BorderRadius.circular(30),
                ^^^^^^^^^^^^
lib/widgets/common/vello_button.dart:46:9: Context: Found this candidate, but the arguments don't match.
  const VelloButton({
        ^^^^^^^^^^^
lib/screens/home/home_screen.dart:451:17: Error: No named parameter with the name 'label'.
                label: const Text('Tentar Novamente'),
                ^^^^^
lib/widgets/common/vello_button.dart:159:9: Context: Found this candidate, but the arguments don't match.
  const VelloButton.icon({
        ^^^^^^^^^^^^^^^^
lib/screens/perfil/perfil_screen.dart:239:36: Error: Required named parameter 'status' must be provided.
                  child: StatusChip(
                                   ^
lib/widgets/common/status_chip.dart:30:9: Context: Found this candidate, but the arguments don't match.
  const StatusChip({
        ^^^^^^^^^^
lib/screens/perfil/perfil_screen.dart:250:36: Error: Required named parameter 'status' must be provided.
                  child: StatusChip(
                                   ^
lib/widgets/common/status_chip.dart:30:9: Context: Found this candidate, but the arguments don't match.
  const StatusChip({
        ^^^^^^^^^^
lib/screens/historico/historico_screen.dart:289:37: Error: Required named parameter 'status' must be provided.
                          StatusChip(
                                    ^
lib/widgets/common/status_chip.dart:30:9: Context: Found this candidate, but the arguments don't match.
  const StatusChip({
        ^^^^^^^^^^
lib/screens/ganhos/meus_creditos_screen.dart:449:33: Error: Required named parameter 'status' must be provided.
                      StatusChip(
                                ^                                                                                                                                                   
lib/widgets/common/status_chip.dart:30:9: Context: Found this candidate, but the arguments don't match.
  const StatusChip({
        ^^^^^^^^^^
lib/screens/carteira/carteira_digital_screen.dart:255:15: Error: No named parameter with the name 'label'.
              label: const Text('Sacar'),
              ^^^^^
lib/widgets/common/vello_button.dart:159:9: Context: Found this candidate, but the arguments don't match.
  const VelloButton.icon({
        ^^^^^^^^^^^^^^^^
lib/screens/carteira/carteira_digital_screen.dart:266:15: Error: No named parameter with the name 'label'.
              label: const Text('Adicionar'),
              ^^^^^
lib/widgets/common/vello_button.dart:159:9: Context: Found this candidate, but the arguments don't match.
  const VelloButton.icon({
        ^^^^^^^^^^^^^^^^
lib/screens/carteira/carteira_digital_screen.dart:277:15: Error: No named parameter with the name 'label'.                                                                          
              label: const Text('Extrato'),
              ^^^^^
lib/widgets/common/vello_button.dart:159:9: Context: Found this candidate, but the arguments don't match.
  const VelloButton.icon({
        ^^^^^^^^^^^^^^^^
lib/screens/carteira/carteira_digital_screen.dart:765:13: Error: No named parameter with the name 'foregroundColor'.
            foregroundColor: Colors.white,
            ^^^^^^^^^^^^^^^
lib/widgets/common/vello_button.dart:46:9: Context: Found this candidate, but the arguments don't match.
  const VelloButton({
        ^^^^^^^^^^^
lib/screens/carteira/carteira_digital_screen.dart:788:13: Error: No named parameter with the name 'foregroundColor'.
            foregroundColor: Colors.white,                                                                                                                                          
            ^^^^^^^^^^^^^^^
lib/widgets/common/vello_button.dart:46:9: Context: Found this candidate, but the arguments don't match.
  const VelloButton({
        ^^^^^^^^^^^
lib/screens/metas/metas_inteligentes_screen.dart:57:42: Error: Member not found: 'medio'.
            dificuldade: DificuldadeMeta.medio,
                                         ^^^^^
lib/screens/metas/metas_inteligentes_screen.dart:57:13: Error: No named parameter with the name 'dificuldade'.
            dificuldade: DificuldadeMeta.medio,
            ^^^^^^^^^^^
lib/models/meta_inteligente.dart:46:3: Context: Found this candidate, but the arguments don't match.                                                                                
  MetaInteligente({
  ^^^^^^^^^^^^^^^
lib/screens/metas/metas_inteligentes_screen.dart:68:42: Error: Member not found: 'alto'.
            dificuldade: DificuldadeMeta.alto,
                                         ^^^^
lib/screens/metas/metas_inteligentes_screen.dart:68:13: Error: No named parameter with the name 'dificuldade'.
            dificuldade: DificuldadeMeta.alto,
            ^^^^^^^^^^^
lib/models/meta_inteligente.dart:46:3: Context: Found this candidate, but the arguments don't match.
  MetaInteligente({
  ^^^^^^^^^^^^^^^
lib/screens/metas/metas_inteligentes_screen.dart:79:13: Error: No named parameter with the name 'dificuldade'.
            dificuldade: DificuldadeMeta.facil,
            ^^^^^^^^^^^
lib/models/meta_inteligente.dart:46:3: Context: Found this candidate, but the arguments don't match.
  MetaInteligente({
  ^^^^^^^^^^^^^^^
lib/screens/metas/metas_inteligentes_screen.dart:93:13: Error: No named parameter with the name 'dificuldade'.
            dificuldade: DificuldadeMeta.facil,
            ^^^^^^^^^^^
lib/models/meta_inteligente.dart:46:3: Context: Found this candidate, but the arguments don't match.
  MetaInteligente({
  ^^^^^^^^^^^^^^^
lib/screens/metas/metas_inteligentes_screen.dart:483:37: Error: Required named parameter 'status' must be provided.
                          StatusChip(
                                    ^                                                                                                                                               
lib/widgets/common/status_chip.dart:30:9: Context: Found this candidate, but the arguments don't match.
  const StatusChip({                                                                                                                                                                
        ^^^^^^^^^^
lib/screens/coaching/coaching_inteligente_screen.dart:372:37: Error: Required named parameter 'status' must be provided.
                          StatusChip(
                                    ^
lib/widgets/common/status_chip.dart:30:9: Context: Found this candidate, but the arguments don't match.
  const StatusChip({                                                                                                                                                                
        ^^^^^^^^^^
lib/services/firebase_corridas_service.dart:461:20: Error: Method not found: 'degreesToRadians'.
      final dLat = degreesToRadians(lat2 - lat1);
                   ^^^^^^^^^^^^^^^^
lib/services/firebase_corridas_service.dart:462:20: Error: Method not found: 'degreesToRadians'.
      final dLon = degreesToRadians(lon2 - lon1);
                   ^^^^^^^^^^^^^^^^
lib/services/firebase_corridas_service.dart:464:20: Error: Method not found: 'degreesToRadians'.
          math.cos(degreesToRadians(lat1)) * math.cos(degreesToRadians(lat2)) *
                   ^^^^^^^^^^^^^^^^
lib/services/firebase_corridas_service.dart:464:55: Error: Method not found: 'degreesToRadians'.                                                                                    
          math.cos(degreesToRadians(lat1)) * math.cos(degreesToRadians(lat2)) *
                                                      ^^^^^^^^^^^^^^^^
lib/services/firebase_corridas_service.dart:461:20: Error: Local variable 'degreesToRadians' can't be referenced before it is declared.
      final dLat = degreesToRadians(lat2 - lat1);
                   ^^^^^^^^^^^^^^^^                                                                                                                                                 
lib/services/firebase_corridas_service.dart:472:12: Context: This is the declaration of the variable 'degreesToRadians'.
    double degreesToRadians(double degrees) {
           ^^^^^^^^^^^^^^^^
lib/services/firebase_corridas_service.dart:462:20: Error: Local variable 'degreesToRadians' can't be referenced before it is declared.
      final dLon = degreesToRadians(lon2 - lon1);
                   ^^^^^^^^^^^^^^^^
lib/services/firebase_corridas_service.dart:472:12: Context: This is the declaration of the variable 'degreesToRadians'.                                                            
    double degreesToRadians(double degrees) {
           ^^^^^^^^^^^^^^^^
lib/services/firebase_corridas_service.dart:464:20: Error: Local variable 'degreesToRadians' can't be referenced before it is declared.
          math.cos(degreesToRadians(lat1)) * math.cos(degreesToRadians(lat2)) *
                   ^^^^^^^^^^^^^^^^
lib/services/firebase_corridas_service.dart:472:12: Context: This is the declaration of the variable 'degreesToRadians'.
    double degreesToRadians(double degrees) {
           ^^^^^^^^^^^^^^^^
lib/services/firebase_corridas_service.dart:464:55: Error: Local variable 'degreesToRadians' can't be referenced before it is declared.
          math.cos(degreesToRadians(lat1)) * math.cos(degreesToRadians(lat2)) *
                                                      ^^^^^^^^^^^^^^^^
lib/services/firebase_corridas_service.dart:472:12: Context: This is the declaration of the variable 'degreesToRadians'.                                                            
    double degreesToRadians(double degrees) {
           ^^^^^^^^^^^^^^^^
lib/services/firebase_corridas_service.dart:504:60: Error: The getter 'start' isn't defined for the type 'Map<String, dynamic>'.
 - 'Map' is from 'dart:core'.
Try correcting the name to the name of an existing getter, or defining a getter or field named 'start'.
        .where('origem.geohash', isGreaterThanOrEqualTo: b.start)
                                                           ^^^^^
lib/services/firebase_corridas_service.dart:505:57: Error: The getter 'end' isn't defined for the type 'Map<String, dynamic>'.
 - 'Map' is from 'dart:core'.
Try correcting the name to the name of an existing getter, or defining a getter or field named 'end'.
        .where('origem.geohash', isLessThanOrEqualTo: b.end)                                                                                                                        
                                                        ^^^                                                                                                                         
Target kernel_snapshot_program failed: Exception                                                                                                                                    


FAILURE: Build failed with an exception.                                                                                                                                            

* What went wrong:                                                                                                                                                                  
Execution failed for task ':app:compileFlutterBuildDebug'.                                                                                                                          
> Process 'command 'C:\src\flutter\bin\flutter.bat'' finished with non-zero exit value 1                                                                                            

* Try:                                                                                                                                                                              
> Run with --stacktrace option to get the stack trace.                                                                                                                              
> Run with --info or --debug option to get more log output.                                                                                                                         
> Run with --scan to get full insights.                                                                                                                                             
> Get more help at https://help.gradle.org.                                                                                                                                         

BUILD FAILED in 1m 4s                                                                                                                                                               
Running Gradle task 'assembleDebug'...                             65,0s
Error: Gradle task assembleDebug failed with exit code 1            